Starting code check...
-----------------------------------
[0;32mRunning Lint Check (expo lint)...[0m

> zemwifiapp@1.0.0 lint
> expo lint

env: load .env
env: export EXPO_PUBLIC_SUPABASE_URL EXPO_PUBLIC_SUPABASE_KEY SUPABASE_SERVICE_ROLE_KEY

/Users/malickdes/worksapace/ZemwifiApp/app/(app)/(host)/cashin.tsx
  65:80  error  `'` can be escaped with `&apos;`, `&lsquo;`, `&#39;`, `&rsquo;`  react/no-unescaped-entities

/Users/malickdes/worksapace/ZemwifiApp/app/(app)/(host)/dashboard.tsx
   33:9   warning  'router' is assigned a value but never used                                                                           @typescript-eslint/no-unused-vars
   39:11  warning  't' is assigned a value but never used                                                                                @typescript-eslint/no-unused-vars
   46:6   warning  React Hook useEffect has a missing dependency: 'loadDashboardData'. Either include it or remove the dependency array  react-hooks/exhaustive-deps
  170:95  error    `'` can be escaped with `&apos;`, `&lsquo;`, `&#39;`, `&rsquo;`                                                       react/no-unescaped-entities
  286:26  error    Component definition is missing display name                                                                          react/display-name

/Users/malickdes/worksapace/ZemwifiApp/app/(app)/(host)/earnings.tsx
  79:74  error  `'` can be escaped with `&apos;`, `&lsquo;`, `&#39;`, `&rsquo;`  react/no-unescaped-entities

/Users/malickdes/worksapace/ZemwifiApp/app/(app)/(host)/kyc.tsx
   67:48  error  `'` can be escaped with `&apos;`, `&lsquo;`, `&#39;`, `&rsquo;`  react/no-unescaped-entities
  113:69  error  `'` can be escaped with `&apos;`, `&lsquo;`, `&#39;`, `&rsquo;`  react/no-unescaped-entities
  117:94  error  `'` can be escaped with `&apos;`, `&lsquo;`, `&#39;`, `&rsquo;`  react/no-unescaped-entities
  122:91  error  `'` can be escaped with `&apos;`, `&lsquo;`, `&#39;`, `&rsquo;`  react/no-unescaped-entities

/Users/malickdes/worksapace/ZemwifiApp/app/(app)/(host)/setup.tsx
  55:38  error  `'` can be escaped with `&apos;`, `&lsquo;`, `&#39;`, `&rsquo;`  react/no-unescaped-entities

/Users/malickdes/worksapace/ZemwifiApp/app/(app)/(host)/start.tsx
  38:51  error  `'` can be escaped with `&apos;`, `&lsquo;`, `&#39;`, `&rsquo;`  react/no-unescaped-entities
  79:74  error  `'` can be escaped with `&apos;`, `&lsquo;`, `&#39;`, `&rsquo;`  react/no-unescaped-entities

/Users/malickdes/worksapace/ZemwifiApp/app/(app)/(host)/technician-requests/index.tsx
  84:23  error  `'` can be escaped with `&apos;`, `&lsquo;`, `&#39;`, `&rsquo;`  react/no-unescaped-entities
  84:50  error  `'` can be escaped with `&apos;`, `&lsquo;`, `&#39;`, `&rsquo;`  react/no-unescaped-entities

/Users/malickdes/worksapace/ZemwifiApp/app/(app)/(shared)/settings.tsx
  26:14  warning  'error' is defined but never used  @typescript-eslint/no-unused-vars

/Users/malickdes/worksapace/ZemwifiApp/app/(app)/(user)/history.tsx
  26:6  warning  React Hook useEffect has a missing dependency: 'refreshPurchases'. Either include it or remove the dependency array  react-hooks/exhaustive-deps

/Users/malickdes/worksapace/ZemwifiApp/app/(app)/(user)/hotspot/[id].tsx
  27:6  warning  React Hook useEffect has missing dependencies: 'fetchHotspots' and 'fetchPlansForHotspot'. Either include them or remove the dependency array  react-hooks/exhaustive-deps

/Users/malickdes/worksapace/ZemwifiApp/app/(app)/(user)/list.tsx
  24:14  warning  'error' is defined but never used                       @typescript-eslint/no-unused-vars
  31:9   warning  'renderScannedItem' is assigned a value but never used  @typescript-eslint/no-unused-vars

/Users/malickdes/worksapace/ZemwifiApp/app/(app)/(user)/settings.tsx
  27:14  warning  'error' is defined but never used  @typescript-eslint/no-unused-vars

/Users/malickdes/worksapace/ZemwifiApp/app/(app)/(user)/wallet/index.tsx
  24:6  warning  React Hook useEffect has a missing dependency: 'refresh'. Either include it or remove the dependency array  react-hooks/exhaustive-deps

/Users/malickdes/worksapace/ZemwifiApp/app/(auth)/phone.tsx
  122:58  error  `'` can be escaped with `&apos;`, `&lsquo;`, `&#39;`, `&rsquo;`  react/no-unescaped-entities

/Users/malickdes/worksapace/ZemwifiApp/app/(auth)/profile.tsx
   2:41  warning  '/Users/malickdes/worksapace/ZemwifiApp/node_modules/react-native/index.js' imported multiple times  import/no-duplicates
  10:32  warning  '/Users/malickdes/worksapace/ZemwifiApp/node_modules/react-native/index.js' imported multiple times  import/no-duplicates

/Users/malickdes/worksapace/ZemwifiApp/components/DevPanel.tsx
  111:21  warning  'authData' is assigned a value but never used  @typescript-eslint/no-unused-vars

/Users/malickdes/worksapace/ZemwifiApp/src/components/ErrorBoundary.tsx
  42:55  error  `'` can be escaped with `&apos;`, `&lsquo;`, `&#39;`, `&rsquo;`  react/no-unescaped-entities
  44:38  error  `'` can be escaped with `&apos;`, `&lsquo;`, `&#39;`, `&rsquo;`  react/no-unescaped-entities
  48:61  error  `'` can be escaped with `&apos;`, `&lsquo;`, `&#39;`, `&rsquo;`  react/no-unescaped-entities

âœ– 30 problems (17 errors, 13 warnings)
  0 errors and 1 warning potentially fixable with the `--fix` option.

[0;31mLint check failed![0m
-----------------------------------
[0;32mRunning TypeScript Check (tsc)...[0m
__tests__/authStore.test.ts(29,30): error TS2339: Property 'signInWithPhone' does not exist on type 'AuthState'.
__tests__/authStore.test.ts(48,30): error TS2339: Property 'signInWithPhone' does not exist on type 'AuthState'.
__tests__/authStore.test.ts(64,24): error TS2339: Property 'signInWithPhone' does not exist on type 'AuthState'.
__tests__/authStore.test.ts(183,38): error TS2339: Property 'language' does not exist on type 'Profile'.
__tests__/authStore.test.ts(261,24): error TS2339: Property 'clearError' does not exist on type 'AuthState'.
__tests__/discoveryStore.test.ts(13,5): error TS2353: Object literal may only specify known properties, and 'description' does not exist in type 'Hotspot'.
__tests__/discoveryStore.test.ts(26,5): error TS2353: Object literal may only specify known properties, and 'description' does not exist in type 'Hotspot'.
__tests__/discoveryStore.test.ts(39,5): error TS2353: Object literal may only specify known properties, and 'description' does not exist in type 'Hotspot'.
__tests__/discoveryStore.test.ts(58,7): error TS2353: Object literal may only specify known properties, and 'selectedFilters' does not exist in type 'DiscoveryState | Partial<DiscoveryState> | ((state: DiscoveryState) => DiscoveryState | Partial<DiscoveryState>)'.
__tests__/discoveryStore.test.ts(83,30): error TS2551: Property 'loadHotspots' does not exist on type 'DiscoveryState'. Did you mean 'hotspots'?
__tests__/discoveryStore.test.ts(105,30): error TS2551: Property 'loadHotspots' does not exist on type 'DiscoveryState'. Did you mean 'hotspots'?
__tests__/discoveryStore.test.ts(126,24): error TS2551: Property 'loadHotspots' does not exist on type 'DiscoveryState'. Did you mean 'hotspots'?
__tests__/discoveryStore.test.ts(145,39): error TS2339: Property 'calculateDistance' does not exist on type 'DiscoveryState'.
__tests__/discoveryStore.test.ts(160,39): error TS2339: Property 'calculateDistance' does not exist on type 'DiscoveryState'.
__tests__/discoveryStore.test.ts(176,49): error TS2554: Expected 1 arguments, but got 2.
__tests__/discoveryStore.test.ts(191,27): error TS2353: Object literal may only specify known properties, and 'latitude' does not exist in type '{ lat: number; lng: number; }'.
__tests__/discoveryStore.test.ts(217,26): error TS2339: Property 'distance' does not exist on type 'Hotspot'.
__tests__/discoveryStore.test.ts(217,70): error TS2339: Property 'distance' does not exist on type 'Hotspot'.
__tests__/discoveryStore.test.ts(286,11): error TS2353: Object literal may only specify known properties, and 'selectedFilters' does not exist in type 'DiscoveryState | Partial<DiscoveryState> | ((state: DiscoveryState) => DiscoveryState | Partial<DiscoveryState>)'.
__tests__/discoveryStore.test.ts(296,36): error TS2339: Property 'signal_strength' does not exist on type 'Hotspot'.
__tests__/discoveryStore.test.ts(305,11): error TS2353: Object literal may only specify known properties, and 'selectedFilters' does not exist in type 'DiscoveryState | Partial<DiscoveryState> | ((state: DiscoveryState) => DiscoveryState | Partial<DiscoveryState>)'.
__tests__/discoveryStore.test.ts(333,24): error TS2339: Property 'setFilters' does not exist on type 'DiscoveryState'.
__tests__/discoveryStore.test.ts(339,29): error TS2339: Property 'selectedFilters' does not exist on type 'DiscoveryState'.
__tests__/discoveryStore.test.ts(346,24): error TS2339: Property 'setFilters' does not exist on type 'DiscoveryState'.
__tests__/discoveryStore.test.ts(352,29): error TS2339: Property 'selectedFilters' does not exist on type 'DiscoveryState'.
__tests__/discoveryStore.test.ts(363,24): error TS2339: Property 'setFilters' does not exist on type 'DiscoveryState'.
__tests__/discoveryStore.test.ts(371,24): error TS2339: Property 'clearFilters' does not exist on type 'DiscoveryState'.
__tests__/discoveryStore.test.ts(375,29): error TS2339: Property 'selectedFilters' does not exist on type 'DiscoveryState'.
__tests__/discoveryStore.test.ts(393,24): error TS2339: Property 'clearError' does not exist on type 'DiscoveryState'.
app/(app)/(host)/cashin.tsx(59,75): error TS2322: Type '{ children: string; style: { marginTop: number; backgroundColor: string; }; textStyle: { color: string; }; onPress: () => void; }' is not assignable to type 'IntrinsicAttributes & ButtonProps'.
  Property 'textStyle' does not exist on type 'IntrinsicAttributes & ButtonProps'.
app/(app)/(host)/cashin.tsx(65,27): error TS2322: Type '"h4"' is not assignable to type 'TypographyVariant | undefined'.
app/(app)/(host)/cashin.tsx(85,29): error TS2322: Type '"h4"' is not assignable to type 'TypographyVariant | undefined'.
app/(app)/(host)/cashin.tsx(93,15): error TS2322: Type '{ placeholder: string; keyboardType: string; value: string; onChangeText: Dispatch<SetStateAction<string>>; style: { fontSize: number; fontWeight: string; }; }' is not assignable to type 'IntrinsicAttributes & Props'.
  Property 'keyboardType' does not exist on type 'IntrinsicAttributes & Props'.
app/(app)/(host)/cashin.tsx(111,15): error TS2322: Type '"large"' is not assignable to type '"sm" | "md" | "lg" | undefined'.
app/(app)/(host)/claim.tsx(50,21): error TS2820: Type '"router-outline"' is not assignable to type '"wallet" | "push" | "map" | "filter" | "at" | "search" | "repeat" | "link" | "language" | "options" | "star" | "wifi" | "text" | "card" | "warning" | "save" | "refresh" | "time" | ... 1339 more ... | undefined'. Did you mean '"rose-outline"'?
app/(app)/(host)/claim.tsx(64,13): error TS2322: Type '{ label: string; placeholder: string; value: string; onChangeText: Dispatch<SetStateAction<string>>; autoCapitalize: string; }' is not assignable to type 'IntrinsicAttributes & Props'.
  Property 'autoCapitalize' does not exist on type 'IntrinsicAttributes & Props'.
app/(app)/(host)/claim.tsx(72,79): error TS2339: Property 'mutedForeground' does not exist on type '{ text: string; textSecondary: string; textTertiary: string; textInverse: string; background: string; backgroundSecondary: string; backgroundTertiary: string; card: string; errorBackground: string; ... 17 more ...; tint: string; } | { ...; }'.
  Property 'mutedForeground' does not exist on type '{ text: string; textSecondary: string; textTertiary: string; textInverse: string; background: string; backgroundSecondary: string; backgroundTertiary: string; card: string; errorBackground: string; ... 17 more ...; tint: string; }'.
app/(app)/(host)/claim.tsx(81,11): error TS2322: Type '"large"' is not assignable to type '"sm" | "md" | "lg" | undefined'.
app/(app)/(host)/dashboard.tsx(148,106): error TS2339: Property 'secondary' does not exist on type '{ text: string; textSecondary: string; textTertiary: string; textInverse: string; background: string; backgroundSecondary: string; backgroundTertiary: string; card: string; errorBackground: string; ... 17 more ...; tint: string; } | { ...; }'.
  Property 'secondary' does not exist on type '{ text: string; textSecondary: string; textTertiary: string; textInverse: string; background: string; backgroundSecondary: string; backgroundTertiary: string; card: string; errorBackground: string; ... 17 more ...; tint: string; }'.
app/(app)/(host)/dashboard.tsx(152,79): error TS2339: Property 'secondary' does not exist on type '{ text: string; textSecondary: string; textTertiary: string; textInverse: string; background: string; backgroundSecondary: string; backgroundTertiary: string; card: string; errorBackground: string; ... 17 more ...; tint: string; } | { ...; }'.
  Property 'secondary' does not exist on type '{ text: string; textSecondary: string; textTertiary: string; textInverse: string; background: string; backgroundSecondary: string; backgroundTertiary: string; card: string; errorBackground: string; ... 17 more ...; tint: string; }'.
app/(app)/(host)/dashboard.tsx(171,27): error TS2322: Type '"h4"' is not assignable to type 'TypographyVariant | undefined'.
app/(app)/(host)/dashboard.tsx(175,29): error TS2322: Type '"button"' is not assignable to type 'TypographyVariant | undefined'.
app/(app)/(host)/dashboard.tsx(184,70): error TS2339: Property 'secondary' does not exist on type '{ text: string; textSecondary: string; textTertiary: string; textInverse: string; background: string; backgroundSecondary: string; backgroundTertiary: string; card: string; errorBackground: string; ... 17 more ...; tint: string; } | { ...; }'.
  Property 'secondary' does not exist on type '{ text: string; textSecondary: string; textTertiary: string; textInverse: string; background: string; backgroundSecondary: string; backgroundTertiary: string; card: string; errorBackground: string; ... 17 more ...; tint: string; }'.
app/(app)/(host)/dashboard.tsx(212,83): error TS2339: Property 'secondary' does not exist on type '{ text: string; textSecondary: string; textTertiary: string; textInverse: string; background: string; backgroundSecondary: string; backgroundTertiary: string; card: string; errorBackground: string; ... 17 more ...; tint: string; } | { ...; }'.
  Property 'secondary' does not exist on type '{ text: string; textSecondary: string; textTertiary: string; textInverse: string; background: string; backgroundSecondary: string; backgroundTertiary: string; card: string; errorBackground: string; ... 17 more ...; tint: string; }'.
app/(app)/(host)/dashboard.tsx(218,83): error TS2339: Property 'secondary' does not exist on type '{ text: string; textSecondary: string; textTertiary: string; textInverse: string; background: string; backgroundSecondary: string; backgroundTertiary: string; card: string; errorBackground: string; ... 17 more ...; tint: string; } | { ...; }'.
  Property 'secondary' does not exist on type '{ text: string; textSecondary: string; textTertiary: string; textInverse: string; background: string; backgroundSecondary: string; backgroundTertiary: string; card: string; errorBackground: string; ... 17 more ...; tint: string; }'.
app/(app)/(host)/dashboard.tsx(224,83): error TS2339: Property 'secondary' does not exist on type '{ text: string; textSecondary: string; textTertiary: string; textInverse: string; background: string; backgroundSecondary: string; backgroundTertiary: string; card: string; errorBackground: string; ... 17 more ...; tint: string; } | { ...; }'.
  Property 'secondary' does not exist on type '{ text: string; textSecondary: string; textTertiary: string; textInverse: string; background: string; backgroundSecondary: string; backgroundTertiary: string; card: string; errorBackground: string; ... 17 more ...; tint: string; }'.
app/(app)/(host)/dashboard.tsx(230,83): error TS2339: Property 'secondary' does not exist on type '{ text: string; textSecondary: string; textTertiary: string; textInverse: string; background: string; backgroundSecondary: string; backgroundTertiary: string; card: string; errorBackground: string; ... 17 more ...; tint: string; } | { ...; }'.
  Property 'secondary' does not exist on type '{ text: string; textSecondary: string; textTertiary: string; textInverse: string; background: string; backgroundSecondary: string; backgroundTertiary: string; card: string; errorBackground: string; ... 17 more ...; tint: string; }'.
app/(app)/(host)/dashboard.tsx(242,27): error TS2322: Type '"button"' is not assignable to type 'TypographyVariant | undefined'.
app/(app)/(host)/earnings.tsx(29,72): error TS2339: Property 'secondary' does not exist on type '{ text: string; textSecondary: string; textTertiary: string; textInverse: string; background: string; backgroundSecondary: string; backgroundTertiary: string; card: string; errorBackground: string; ... 17 more ...; tint: string; } | { ...; }'.
  Property 'secondary' does not exist on type '{ text: string; textSecondary: string; textTertiary: string; textInverse: string; background: string; backgroundSecondary: string; backgroundTertiary: string; card: string; errorBackground: string; ... 17 more ...; tint: string; }'.
app/(app)/(host)/earnings.tsx(58,23): error TS2322: Type '"h4"' is not assignable to type 'TypographyVariant | undefined'.
app/(app)/(host)/earnings.tsx(71,21): error TS2322: Type '"h4"' is not assignable to type 'TypographyVariant | undefined'.
app/(app)/(host)/earnings.tsx(74,68): error TS2339: Property 'secondary' does not exist on type '{ text: string; textSecondary: string; textTertiary: string; textInverse: string; background: string; backgroundSecondary: string; backgroundTertiary: string; card: string; errorBackground: string; ... 17 more ...; tint: string; } | { ...; }'.
  Property 'secondary' does not exist on type '{ text: string; textSecondary: string; textTertiary: string; textInverse: string; background: string; backgroundSecondary: string; backgroundTertiary: string; card: string; errorBackground: string; ... 17 more ...; tint: string; }'.
app/(app)/(host)/hotspots.tsx(39,23): error TS2820: Type '"router-outline"' is not assignable to type '"wallet" | "push" | "map" | "filter" | "at" | "search" | "repeat" | "link" | "language" | "options" | "star" | "wifi" | "text" | "card" | "warning" | "save" | "refresh" | "time" | ... 1339 more ... | undefined'. Did you mean '"rose-outline"'?
app/(app)/(host)/hotspots.tsx(39,69): error TS2339: Property 'mutedForeground' does not exist on type '{ text: string; textSecondary: string; textTertiary: string; textInverse: string; background: string; backgroundSecondary: string; backgroundTertiary: string; card: string; errorBackground: string; ... 17 more ...; tint: string; } | { ...; }'.
  Property 'mutedForeground' does not exist on type '{ text: string; textSecondary: string; textTertiary: string; textInverse: string; background: string; backgroundSecondary: string; backgroundTertiary: string; card: string; errorBackground: string; ... 17 more ...; tint: string; }'.
app/(app)/(host)/hotspots.tsx(40,25): error TS2322: Type '"h4"' is not assignable to type 'TypographyVariant | undefined'.
app/(app)/(host)/hotspots.tsx(52,116): error TS2339: Property 'mutedForeground' does not exist on type '{ text: string; textSecondary: string; textTertiary: string; textInverse: string; background: string; backgroundSecondary: string; backgroundTertiary: string; card: string; errorBackground: string; ... 17 more ...; tint: string; } | { ...; }'.
  Property 'mutedForeground' does not exist on type '{ text: string; textSecondary: string; textTertiary: string; textInverse: string; background: string; backgroundSecondary: string; backgroundTertiary: string; card: string; errorBackground: string; ... 17 more ...; tint: string; }'.
app/(app)/(host)/hotspots.tsx(55,35): error TS2322: Type '"h4"' is not assignable to type 'TypographyVariant | undefined'.
app/(app)/(host)/hotspots.tsx(58,28): error TS2322: Type '"success" | "secondary"' is not assignable to type '"success" | "error" | "primary" | "warning" | "neutral" | undefined'.
  Type '"secondary"' is not assignable to type '"success" | "error" | "primary" | "warning" | "neutral" | undefined'.
app/(app)/(host)/hotspots.tsx(66,35): error TS2322: Type '"h4"' is not assignable to type 'TypographyVariant | undefined'.
app/(app)/(host)/hotspots.tsx(71,35): error TS2322: Type '"h4"' is not assignable to type 'TypographyVariant | undefined'.
app/(app)/(host)/hotspots.tsx(76,33): error TS2322: Type '"button"' is not assignable to type 'TypographyVariant | undefined'.
app/(app)/(host)/kyc.tsx(131,11): error TS2322: Type '"large"' is not assignable to type '"sm" | "md" | "lg" | undefined'.
app/(app)/(host)/payouts.tsx(67,19): error TS2322: Type '{ placeholder: string; value: string; onChangeText: Dispatch<SetStateAction<string>>; keyboardType: string; style: { color: string; }; }' is not assignable to type 'IntrinsicAttributes & Props'.
  Property 'keyboardType' does not exist on type 'IntrinsicAttributes & Props'.
app/(app)/(host)/payouts.tsx(72,25): error TS2322: Type '"small"' is not assignable to type '"sm" | "md" | "lg" | undefined'.
app/(app)/(host)/payouts.tsx(73,25): error TS2322: Type '"small"' is not assignable to type '"sm" | "md" | "lg" | undefined'.
app/(app)/(host)/payouts.tsx(87,21): error TS2322: Type '"h4"' is not assignable to type 'TypographyVariant | undefined'.
app/(app)/(host)/payouts.tsx(104,29): error TS2322: Type '"h4"' is not assignable to type 'TypographyVariant | undefined'.
app/(app)/(host)/sessions.tsx(53,67): error TS2339: Property 'mutedForeground' does not exist on type '{ text: string; textSecondary: string; textTertiary: string; textInverse: string; background: string; backgroundSecondary: string; backgroundTertiary: string; card: string; errorBackground: string; ... 17 more ...; tint: string; } | { ...; }'.
  Property 'mutedForeground' does not exist on type '{ text: string; textSecondary: string; textTertiary: string; textInverse: string; background: string; backgroundSecondary: string; backgroundTertiary: string; card: string; errorBackground: string; ... 17 more ...; tint: string; }'.
app/(app)/(host)/sessions.tsx(54,25): error TS2322: Type '"h4"' is not assignable to type 'TypographyVariant | undefined'.
app/(app)/(host)/sessions.tsx(62,75): error TS2339: Property 'secondary' does not exist on type '{ text: string; textSecondary: string; textTertiary: string; textInverse: string; background: string; backgroundSecondary: string; backgroundTertiary: string; card: string; errorBackground: string; ... 17 more ...; tint: string; } | { ...; }'.
  Property 'secondary' does not exist on type '{ text: string; textSecondary: string; textTertiary: string; textInverse: string; background: string; backgroundSecondary: string; backgroundTertiary: string; card: string; errorBackground: string; ... 17 more ...; tint: string; }'.
app/(app)/(host)/sessions.tsx(66,33): error TS2322: Type '"h4"' is not assignable to type 'TypographyVariant | undefined'.
app/(app)/(host)/sessions.tsx(70,18): error TS2322: Type '{ children: string; variant: "success"; }' is not assignable to type 'IntrinsicAttributes & BadgeProps'.
  Property 'children' does not exist on type 'IntrinsicAttributes & BadgeProps'.
app/(app)/(host)/sessions.tsx(92,31): error TS2322: Type '"button"' is not assignable to type 'TypographyVariant | undefined'.
app/(app)/(host)/setup.tsx(59,23): error TS2322: Type '"h4"' is not assignable to type 'TypographyVariant | undefined'.
app/(app)/(host)/setup.tsx(72,15): error TS2322: Type '{ label: string; placeholder: string; value: string; onChangeText: (t: string) => void; multiline: true; numberOfLines: number; }' is not assignable to type 'IntrinsicAttributes & Props'.
  Property 'multiline' does not exist on type 'IntrinsicAttributes & Props'.
app/(app)/(host)/setup.tsx(79,23): error TS2322: Type '"h4"' is not assignable to type 'TypographyVariant | undefined'.
app/(app)/(host)/setup.tsx(87,23): error TS2322: Type '"h4"' is not assignable to type 'TypographyVariant | undefined'.
app/(app)/(host)/setup.tsx(106,11): error TS2322: Type '"large"' is not assignable to type '"sm" | "md" | "lg" | undefined'.
app/(app)/(host)/start.tsx(34,73): error TS2339: Property 'secondary' does not exist on type '{ text: string; textSecondary: string; textTertiary: string; textInverse: string; background: string; backgroundSecondary: string; backgroundTertiary: string; card: string; errorBackground: string; ... 17 more ...; tint: string; } | { ...; }'.
  Property 'secondary' does not exist on type '{ text: string; textSecondary: string; textTertiary: string; textInverse: string; background: string; backgroundSecondary: string; backgroundTertiary: string; card: string; errorBackground: string; ... 17 more ...; tint: string; }'.
app/(app)/(host)/start.tsx(38,27): error TS2322: Type '"h4"' is not assignable to type 'TypographyVariant | undefined'.
app/(app)/(host)/start.tsx(46,73): error TS2339: Property 'secondary' does not exist on type '{ text: string; textSecondary: string; textTertiary: string; textInverse: string; background: string; backgroundSecondary: string; backgroundTertiary: string; card: string; errorBackground: string; ... 17 more ...; tint: string; } | { ...; }'.
  Property 'secondary' does not exist on type '{ text: string; textSecondary: string; textTertiary: string; textInverse: string; background: string; backgroundSecondary: string; backgroundTertiary: string; card: string; errorBackground: string; ... 17 more ...; tint: string; }'.
app/(app)/(host)/start.tsx(50,27): error TS2322: Type '"h4"' is not assignable to type 'TypographyVariant | undefined'.
app/(app)/(host)/start.tsx(58,73): error TS2339: Property 'secondary' does not exist on type '{ text: string; textSecondary: string; textTertiary: string; textInverse: string; background: string; backgroundSecondary: string; backgroundTertiary: string; card: string; errorBackground: string; ... 17 more ...; tint: string; } | { ...; }'.
  Property 'secondary' does not exist on type '{ text: string; textSecondary: string; textTertiary: string; textInverse: string; background: string; backgroundSecondary: string; backgroundTertiary: string; card: string; errorBackground: string; ... 17 more ...; tint: string; }'.
app/(app)/(host)/start.tsx(62,27): error TS2322: Type '"h4"' is not assignable to type 'TypographyVariant | undefined'.
app/(app)/(host)/start.tsx(71,23): error TS2322: Type '"h4"' is not assignable to type 'TypographyVariant | undefined'.
app/(app)/(host)/start.tsx(89,21): error TS2322: Type '"large"' is not assignable to type '"sm" | "md" | "lg" | undefined'.
app/(app)/(host)/technician-requests/[id].tsx(47,14): error TS2322: Type '{ children: string; variant: "warning"; }' is not assignable to type 'IntrinsicAttributes & BadgeProps'.
  Property 'children' does not exist on type 'IntrinsicAttributes & BadgeProps'.
app/(app)/(host)/technician-requests/[id].tsx(56,21): error TS2322: Type '"h4"' is not assignable to type 'TypographyVariant | undefined'.
app/(app)/(host)/technician-requests/[id].tsx(59,25): error TS2322: Type '"h4"' is not assignable to type 'TypographyVariant | undefined'.
app/(app)/(host)/technician-requests/[id].tsx(70,21): error TS2322: Type '"h4"' is not assignable to type 'TypographyVariant | undefined'.
app/(app)/(host)/technician-requests/[id].tsx(89,17): error TS2322: Type '"outline"' is not assignable to type '"primary" | "secondary" | "tertiary" | "ghost" | undefined'.
app/(app)/(host)/technician-requests/index.tsx(69,59): error TS2339: Property 'secondary' does not exist on type '{ text: string; textSecondary: string; textTertiary: string; textInverse: string; background: string; backgroundSecondary: string; backgroundTertiary: string; card: string; errorBackground: string; ... 17 more ...; tint: string; } | { ...; }'.
  Property 'secondary' does not exist on type '{ text: string; textSecondary: string; textTertiary: string; textInverse: string; background: string; backgroundSecondary: string; backgroundTertiary: string; card: string; errorBackground: string; ... 17 more ...; tint: string; }'.
app/(app)/(host)/technician-requests/index.tsx(81,68): error TS2339: Property 'mutedForeground' does not exist on type '{ text: string; textSecondary: string; textTertiary: string; textInverse: string; background: string; backgroundSecondary: string; backgroundTertiary: string; card: string; errorBackground: string; ... 17 more ...; tint: string; } | { ...; }'.
  Property 'mutedForeground' does not exist on type '{ text: string; textSecondary: string; textTertiary: string; textInverse: string; background: string; backgroundSecondary: string; backgroundTertiary: string; card: string; errorBackground: string; ... 17 more ...; tint: string; }'.
app/(app)/(host)/technician-requests/index.tsx(82,25): error TS2322: Type '"h4"' is not assignable to type 'TypographyVariant | undefined'.
app/(app)/(host)/technician-requests/index.tsx(93,33): error TS2322: Type '"h4"' is not assignable to type 'TypographyVariant | undefined'.
app/(app)/(host)/technician-requests/index.tsx(94,22): error TS2322: Type '{ children: string; variant: any; }' is not assignable to type 'IntrinsicAttributes & BadgeProps'.
  Property 'children' does not exist on type 'IntrinsicAttributes & BadgeProps'.
app/(app)/(host)/technician-requests/new.tsx(75,13): error TS2322: Type '{ label: string; placeholder: string; value: string; onChangeText: (t: string) => void; multiline: true; numberOfLines: number; style: { height: number; textAlignVertical: string; }; }' is not assignable to type 'IntrinsicAttributes & Props'.
  Property 'multiline' does not exist on type 'IntrinsicAttributes & Props'.
app/(app)/(host)/technician-requests/new.tsx(94,11): error TS2322: Type '"large"' is not assignable to type '"sm" | "md" | "lg" | undefined'.
app/(auth)/profile.tsx(52,11): error TS2322: Type '"large"' is not assignable to type '"sm" | "md" | "lg" | undefined'.
components/DevPanel.tsx(156,24): error TS2345: Argument of type '"/(app)/(technician)/dashboard"' is not assignable to parameter of type 'RelativePathString | ExternalPathString | "/" | `/?${string}` | `/#${string}` | "/modal" | `/modal?${string}` | `/modal#${string}` | "/_sitemap" | `/_sitemap?${string}` | `/_sitemap#${string}` | ... 326 more ... | { ...; }'.
components/DevPanel.tsx(233,43): error TS2769: No overload matches this call.
  Overload 1 of 2, '(props: ViewProps): View', gave the following error.
    Type '{ flexDirection: "row"; alignItems: "center"; backgroundColor: string; paddingHorizontal: number; paddingVertical: number; gap: number; cursor: string; }' is not assignable to type 'StyleProp<ViewStyle>'.
      Type '{ flexDirection: "row"; alignItems: "center"; backgroundColor: string; paddingHorizontal: number; paddingVertical: number; gap: number; cursor: string; }' is not assignable to type 'ViewStyle'.
        Types of property 'cursor' are incompatible.
          Type 'string' is not assignable to type 'CursorValue | undefined'.
  Overload 2 of 2, '(props: ViewProps, context: any): View', gave the following error.
    Type '{ flexDirection: "row"; alignItems: "center"; backgroundColor: string; paddingHorizontal: number; paddingVertical: number; gap: number; cursor: string; }' is not assignable to type 'StyleProp<ViewStyle>'.
      Type '{ flexDirection: "row"; alignItems: "center"; backgroundColor: string; paddingHorizontal: number; paddingVertical: number; gap: number; cursor: string; }' is not assignable to type 'ViewStyle'.
        Types of property 'cursor' are incompatible.
          Type 'string' is not assignable to type 'CursorValue | undefined'.
components/ui/Button.tsx(104,45): error TS2345: Argument of type '{ pressed: boolean; }' is not assignable to parameter of type 'PressableStateCallbackType'.
  Property 'hovered' is missing in type '{ pressed: boolean; }' but required in type 'PressableStateCallbackType'.
[0;31mTypeScript check failed![0m
-----------------------------------
[0;31mSome checks failed. Please review the output above.[0m
